# JRE version: OpenJDK Runtime Environment Temurin-21.0.10+7 (21.0.10+7) (build 21.0.10+7-LTS)
# Java VM: OpenJDK 64-Bit Server VM Temurin-21.0.10+7 (21.0.10+7-LTS, mixed mode, sharing, tiered, compressed oops, compressed class ptrs, parallel gc, bsd-amd64)
GC Precious Log:
 CardTable entry size: 512
 CPUs: 16 total, 16 available
 Memory: 65536M
 Large Page Support: Disabled
 NUMA Support: Disabled
 Compressed Oops: Enabled (Zero based)
 Alignments: Space 512K, Generation 512K, Heap 2M
 Heap Min Capacity: 100M
 Heap Initial Capacity: 100M
 Heap Max Capacity: 2G
 Pre-touch: Disabled
 Parallel Workers: 13
Heap:
 PSYoungGen      total 11264K, used 11157K [0x00000007d5580000, 0x00000007d6280000, 0x0000000800000000)
  eden space 10752K, 99% used [0x00000007d5580000,0x00000007d5ff0340,0x00000007d6000000)
  from space 512K, 91% used [0x00000007d6200000,0x00000007d6275200,0x00000007d6280000)
  to   space 1024K, 0% used [0x00000007d6080000,0x00000007d6080000,0x00000007d6180000)
 ParOldGen       total 96768K, used 96401K [0x0000000780000000, 0x0000000785e80000, 0x00000007d5580000)
  object space 96768K, 99% used [0x0000000780000000,0x0000000785e244b8,0x0000000785e80000)
 Metaspace       used 65907K, committed 67328K, reserved 1114112K
  class space    used 6855K, committed 7488K, reserved 1048576K
GC Heap History (20 events):
Event: 8.716 GC heap before
{Heap before GC invocations=102 (full 3):
 PSYoungGen      total 11264K, used 11199K [0x00000007d5580000, 0x00000007d6180000, 0x0000000800000000)
  eden space 10752K, 99% used [0x00000007d5580000,0x00000007d5fffff8,0x00000007d6000000)
  from space 512K, 87% used [0x00000007d6100000,0x00000007d6170000,0x00000007d6180000)
  to   space 512K, 0% used [0x00000007d6080000,0x00000007d6080000,0x00000007d6100000)
 ParOldGen       total 88064K, used 87562K [0x0000000780000000, 0x0000000785600000, 0x00000007d5580000)
  object space 88064K, 99% used [0x0000000780000000,0x0000000785582850,0x0000000785600000)
 Metaspace       used 61168K, committed 62528K, reserved 1114112K
  class space    used 6441K, committed 7040K, reserved 1048576K
}
Event: 8.717 GC heap after
{Heap after GC invocations=102 (full 3):
 PSYoungGen      total 11264K, used 512K [0x00000007d5580000, 0x00000007d6300000, 0x0000000800000000)
  eden space 10752K, 0% used [0x00000007d5580000,0x00000007d5580000,0x00000007d6000000)
  from space 512K, 100% used [0x00000007d6080000,0x00000007d6100000,0x00000007d6100000)
  to   space 1536K, 0% used [0x00000007d6180000,0x00000007d6180000,0x00000007d6300000)
 ParOldGen       total 88576K, used 88154K [0x0000000780000000, 0x0000000785680000, 0x00000007d5580000)
  object space 88576K, 99% used [0x0000000780000000,0x0000000785616890,0x0000000785680000)
 Metaspace       used 61168K, committed 62528K, reserved 1114112K
  class space    used 6441K, committed 7040K, reserved 1048576K
}
Event: 8.768 GC heap before
{Heap before GC invocations=103 (full 3):
 PSYoungGen      total 11264K, used 11264K [0x00000007d5580000, 0x00000007d6300000, 0x0000000800000000)
  eden space 10752K, 100% used [0x00000007d5580000,0x00000007d6000000,0x00000007d6000000)
  from space 512K, 100% used [0x00000007d6080000,0x00000007d6100000,0x00000007d6100000)
  to   space 1536K, 0% used [0x00000007d6180000,0x00000007d6180000,0x00000007d6300000)
 ParOldGen       total 88576K, used 88154K [0x0000000780000000, 0x0000000785680000, 0x00000007d5580000)
  object space 88576K, 99% used [0x0000000780000000,0x0000000785616890,0x0000000785680000)
 Metaspace       used 61591K, committed 62976K, reserved 1114112K
  class space    used 6501K, committed 7104K, reserved 1048576K
}
Event: 8.770 GC heap after
{Heap after GC invocations=103 (full 3):
 PSYoungGen      total 12288K, used 1120K [0x00000007d5580000, 0x00000007d6300000, 0x0000000800000000)
  eden space 10752K, 0% used [0x00000007d5580000,0x00000007d5580000,0x00000007d6000000)
  from space 1536K, 72% used [0x00000007d6180000,0x00000007d6298000,0x00000007d6300000)
  to   space 1536K, 0% used [0x00000007d6000000,0x00000007d6000000,0x00000007d6180000)
 ParOldGen       total 89088K, used 88602K [0x0000000780000000, 0x0000000785700000, 0x00000007d5580000)
  object space 89088K, 99% used [0x0000000780000000,0x0000000785686890,0x0000000785700000)
 Metaspace       used 61591K, committed 62976K, reserved 1114112K
  class space    used 6501K, committed 7104K, reserved 1048576K
}
Event: 8.833 GC heap before
{Heap before GC invocations=104 (full 3):
 PSYoungGen      total 12288K, used 11856K [0x00000007d5580000, 0x00000007d6300000, 0x0000000800000000)
  eden space 10752K, 99% used [0x00000007d5580000,0x00000007d5ffc250,0x00000007d6000000)
  from space 1536K, 72% used [0x00000007d6180000,0x00000007d6298000,0x00000007d6300000)
  to   space 1536K, 0% used [0x00000007d6000000,0x00000007d6000000,0x00000007d6180000)
 ParOldGen       total 89088K, used 88602K [0x0000000780000000, 0x0000000785700000, 0x00000007d5580000)
  object space 89088K, 99% used [0x0000000780000000,0x0000000785686890,0x0000000785700000)
 Metaspace       used 62224K, committed 63680K, reserved 1114112K
  class space    used 6564K, committed 7232K, reserved 1048576K
}
Event: 8.835 GC heap after
{Heap after GC invocations=104 (full 3):
 PSYoungGen      total 12288K, used 1531K [0x00000007d5580000, 0x00000007d6600000, 0x0000000800000000)
  eden space 10752K, 0% used [0x00000007d5580000,0x00000007d5580000,0x00000007d6000000)
  from space 1536K, 99% used [0x00000007d6000000,0x00000007d617efd0,0x00000007d6180000)
  to   space 3072K, 0% used [0x00000007d6300000,0x00000007d6300000,0x00000007d6600000)
 ParOldGen       total 90112K, used 89844K [0x0000000780000000, 0x0000000785800000, 0x00000007d5580000)
  object space 90112K, 99% used [0x0000000780000000,0x00000007857bd388,0x0000000785800000)
 Metaspace       used 62224K, committed 63680K, reserved 1114112K
  class space    used 6564K, committed 7232K, reserved 1048576K
}
Event: 8.894 GC heap before
{Heap before GC invocations=105 (full 3):
 PSYoungGen      total 12288K, used 12283K [0x00000007d5580000, 0x00000007d6600000, 0x0000000800000000)
  eden space 10752K, 100% used [0x00000007d5580000,0x00000007d6000000,0x00000007d6000000)
  from space 1536K, 99% used [0x00000007d6000000,0x00000007d617efd0,0x00000007d6180000)
  to   space 3072K, 0% used [0x00000007d6300000,0x00000007d6300000,0x00000007d6600000)
 ParOldGen       total 90112K, used 89844K [0x0000000780000000, 0x0000000785800000, 0x00000007d5580000)
  object space 90112K, 99% used [0x0000000780000000,0x00000007857bd388,0x0000000785800000)
 Metaspace       used 63126K, committed 64512K, reserved 1114112K
  class space    used 6651K, committed 7296K, reserved 1048576K
}
Event: 8.897 GC heap after
{Heap after GC invocations=105 (full 3):
 PSYoungGen      total 12288K, used 1239K [0x00000007d5580000, 0x00000007d6480000, 0x0000000800000000)
  eden space 10752K, 0% used [0x00000007d5580000,0x00000007d5580000,0x00000007d6000000)
  from space 1536K, 80% used [0x00000007d6300000,0x00000007d6435f30,0x00000007d6480000)
  to   space 2048K, 0% used [0x00000007d6080000,0x00000007d6080000,0x00000007d6280000)
 ParOldGen       total 91648K, used 91270K [0x0000000780000000, 0x0000000785980000, 0x00000007d5580000)
  object space 91648K, 99% used [0x0000000780000000,0x00000007859218c8,0x0000000785980000)
 Metaspace       used 63126K, committed 64512K, reserved 1114112K
  class space    used 6651K, committed 7296K, reserved 1048576K
}
Event: 8.959 GC heap before
{Heap before GC invocations=106 (full 3):
 PSYoungGen      total 12288K, used 11991K [0x00000007d5580000, 0x00000007d6480000, 0x0000000800000000)
  eden space 10752K, 100% used [0x00000007d5580000,0x00000007d6000000,0x00000007d6000000)
  from space 1536K, 80% used [0x00000007d6300000,0x00000007d6435f30,0x00000007d6480000)
  to   space 2048K, 0% used [0x00000007d6080000,0x00000007d6080000,0x00000007d6280000)
 ParOldGen       total 91648K, used 91270K [0x0000000780000000, 0x0000000785980000, 0x00000007d5580000)
  object space 91648K, 99% used [0x0000000780000000,0x00000007859218c8,0x0000000785980000)
 Metaspace       used 63708K, committed 65152K, reserved 1114112K
  class space    used 6691K, committed 7360K, reserved 1048576K
}
Event: 8.961 GC heap after
{Heap after GC invocations=106 (full 3):
 PSYoungGen      total 12800K, used 2028K [0x00000007d5580000, 0x00000007d6700000, 0x0000000800000000)
  eden space 10752K, 0% used [0x00000007d5580000,0x00000007d5580000,0x00000007d6000000)
  from space 2048K, 99% used [0x00000007d6080000,0x00000007d627b290,0x00000007d6280000)
  to   space 3584K, 0% used [0x00000007d6380000,0x00000007d6380000,0x00000007d6700000)
 ParOldGen       total 92672K, used 92280K [0x0000000780000000, 0x0000000785a80000, 0x00000007d5580000)
  object space 92672K, 99% used [0x0000000780000000,0x0000000785a1e1d8,0x0000000785a80000)
 Metaspace       used 63708K, committed 65152K, reserved 1114112K
  class space    used 6691K, committed 7360K, reserved 1048576K
}
Event: 9.020 GC heap before
{Heap before GC invocations=107 (full 3):
 PSYoungGen      total 12800K, used 12780K [0x00000007d5580000, 0x00000007d6700000, 0x0000000800000000)
  eden space 10752K, 100% used [0x00000007d5580000,0x00000007d6000000,0x00000007d6000000)
  from space 2048K, 99% used [0x00000007d6080000,0x00000007d627b290,0x00000007d6280000)
  to   space 3584K, 0% used [0x00000007d6380000,0x00000007d6380000,0x00000007d6700000)
 ParOldGen       total 92672K, used 92280K [0x0000000780000000, 0x0000000785a80000, 0x00000007d5580000)
  object space 92672K, 99% used [0x0000000780000000,0x0000000785a1e1d8,0x0000000785a80000)
 Metaspace       used 64565K, committed 65984K, reserved 1114112K
  class space    used 6775K, committed 7424K, reserved 1048576K
}
Event: 9.022 GC heap after
{Heap after GC invocations=107 (full 3):
 PSYoungGen      total 12800K, used 1578K [0x00000007d5580000, 0x00000007d6580000, 0x0000000800000000)
  eden space 10752K, 0% used [0x00000007d5580000,0x00000007d5580000,0x00000007d6000000)
  from space 2048K, 77% used [0x00000007d6380000,0x00000007d650ab80,0x00000007d6580000)
  to   space 2560K, 0% used [0x00000007d6080000,0x00000007d6080000,0x00000007d6300000)
 ParOldGen       total 94208K, used 93927K [0x0000000780000000, 0x0000000785c00000, 0x00000007d5580000)
  object space 94208K, 99% used [0x0000000780000000,0x0000000785bb9d78,0x0000000785c00000)
 Metaspace       used 64565K, committed 65984K, reserved 1114112K
  class space    used 6775K, committed 7424K, reserved 1048576K
}
Event: 9.083 GC heap before
{Heap before GC invocations=108 (full 3):
 PSYoungGen      total 12800K, used 12330K [0x00000007d5580000, 0x00000007d6580000, 0x0000000800000000)
  eden space 10752K, 100% used [0x00000007d5580000,0x00000007d6000000,0x00000007d6000000)
  from space 2048K, 77% used [0x00000007d6380000,0x00000007d650ab80,0x00000007d6580000)
  to   space 2560K, 0% used [0x00000007d6080000,0x00000007d6080000,0x00000007d6300000)
 ParOldGen       total 94208K, used 93927K [0x0000000780000000, 0x0000000785c00000, 0x00000007d5580000)
  object space 94208K, 99% used [0x0000000780000000,0x0000000785bb9d78,0x0000000785c00000)
 Metaspace       used 65065K, committed 66560K, reserved 1114112K
  class space    used 6802K, committed 7424K, reserved 1048576K
}
Event: 9.085 GC heap after
{Heap after GC invocations=108 (full 3):
 PSYoungGen      total 13312K, used 500K [0x00000007d5580000, 0x00000007d6400000, 0x0000000800000000)
  eden space 10752K, 0% used [0x00000007d5580000,0x00000007d5580000,0x00000007d6000000)
  from space 2560K, 19% used [0x00000007d6080000,0x00000007d60fd200,0x00000007d6300000)
  to   space 1024K, 0% used [0x00000007d6300000,0x00000007d6300000,0x00000007d6400000)
 ParOldGen       total 95232K, used 94820K [0x0000000780000000, 0x0000000785d00000, 0x00000007d5580000)
  object space 95232K, 99% used [0x0000000780000000,0x0000000785c99028,0x0000000785d00000)
 Metaspace       used 65065K, committed 66560K, reserved 1114112K
  class space    used 6802K, committed 7424K, reserved 1048576K
}
Event: 9.122 GC heap before
{Heap before GC invocations=109 (full 3):
 PSYoungGen      total 13312K, used 11252K [0x00000007d5580000, 0x00000007d6400000, 0x0000000800000000)
  eden space 10752K, 100% used [0x00000007d5580000,0x00000007d6000000,0x00000007d6000000)
  from space 2560K, 19% used [0x00000007d6080000,0x00000007d60fd200,0x00000007d6300000)
  to   space 1024K, 0% used [0x00000007d6300000,0x00000007d6300000,0x00000007d6400000)
 ParOldGen       total 95232K, used 94820K [0x0000000780000000, 0x0000000785d00000, 0x00000007d5580000)
  object space 95232K, 99% used [0x0000000780000000,0x0000000785c99028,0x0000000785d00000)
 Metaspace       used 65290K, committed 66752K, reserved 1114112K
  class space    used 6819K, committed 7424K, reserved 1048576K
}
Event: 9.124 GC heap after
{Heap after GC invocations=109 (full 3):
 PSYoungGen      total 11776K, used 1017K [0x00000007d5580000, 0x00000007d6500000, 0x0000000800000000)
  eden space 10752K, 0% used [0x00000007d5580000,0x00000007d5580000,0x00000007d6000000)
  from space 1024K, 99% used [0x00000007d6300000,0x00000007d63fe4f8,0x00000007d6400000)
  to   space 2560K, 0% used [0x00000007d6000000,0x00000007d6000000,0x00000007d6280000)
 ParOldGen       total 95744K, used 95687K [0x0000000780000000, 0x0000000785d80000, 0x00000007d5580000)
  object space 95744K, 99% used [0x0000000780000000,0x0000000785d71f38,0x0000000785d80000)
 Metaspace       used 65290K, committed 66752K, reserved 1114112K
  class space    used 6819K, committed 7424K, reserved 1048576K
}
Event: 9.241 GC heap before
{Heap before GC invocations=110 (full 3):
 PSYoungGen      total 11776K, used 11769K [0x00000007d5580000, 0x00000007d6500000, 0x0000000800000000)
  eden space 10752K, 100% used [0x00000007d5580000,0x00000007d6000000,0x00000007d6000000)
  from space 1024K, 99% used [0x00000007d6300000,0x00000007d63fe4f8,0x00000007d6400000)
  to   space 2560K, 0% used [0x00000007d6000000,0x00000007d6000000,0x00000007d6280000)
 ParOldGen       total 95744K, used 95687K [0x0000000780000000, 0x0000000785d80000, 0x00000007d5580000)
  object space 95744K, 99% used [0x0000000780000000,0x0000000785d71f38,0x0000000785d80000)
 Metaspace       used 65732K, committed 67200K, reserved 1114112K
  class space    used 6850K, committed 7488K, reserved 1048576K
}
Event: 9.244 GC heap after
{Heap after GC invocations=110 (full 3):
 PSYoungGen      total 11776K, used 983K [0x00000007d5580000, 0x00000007d6380000, 0x0000000800000000)
  eden space 10752K, 0% used [0x00000007d5580000,0x00000007d5580000,0x00000007d6000000)
  from space 1024K, 96% used [0x00000007d6000000,0x00000007d60f5e50,0x00000007d6100000)
  to   space 1536K, 0% used [0x00000007d6200000,0x00000007d6200000,0x00000007d6380000)
 ParOldGen       total 96256K, used 95919K [0x0000000780000000, 0x0000000785e00000, 0x00000007d5580000)
  object space 96256K, 99% used [0x0000000780000000,0x0000000785dabf38,0x0000000785e00000)
 Metaspace       used 65732K, committed 67200K, reserved 1114112K
  class space    used 6850K, committed 7488K, reserved 1048576K
}
Event: 9.330 GC heap before
{Heap before GC invocations=111 (full 3):
 PSYoungGen      total 11776K, used 11735K [0x00000007d5580000, 0x00000007d6380000, 0x0000000800000000)
  eden space 10752K, 100% used [0x00000007d5580000,0x00000007d6000000,0x00000007d6000000)
  from space 1024K, 96% used [0x00000007d6000000,0x00000007d60f5e50,0x00000007d6100000)
  to   space 1536K, 0% used [0x00000007d6200000,0x00000007d6200000,0x00000007d6380000)
 ParOldGen       total 96256K, used 95919K [0x0000000780000000, 0x0000000785e00000, 0x00000007d5580000)
  object space 96256K, 99% used [0x0000000780000000,0x0000000785dabf38,0x0000000785e00000)
 Metaspace       used 65860K, committed 67328K, reserved 1114112K
  class space    used 6853K, committed 7488K, reserved 1048576K
}
Event: 9.331 GC heap after
{Heap after GC invocations=111 (full 3):
 PSYoungGen      total 11264K, used 468K [0x00000007d5580000, 0x00000007d6280000, 0x0000000800000000)
  eden space 10752K, 0% used [0x00000007d5580000,0x00000007d5580000,0x00000007d6000000)
  from space 512K, 91% used [0x00000007d6200000,0x00000007d6275200,0x00000007d6280000)
  to   space 1024K, 0% used [0x00000007d6080000,0x00000007d6080000,0x00000007d6180000)
 ParOldGen       total 96768K, used 96401K [0x0000000780000000, 0x0000000785e80000, 0x00000007d5580000)
  object space 96768K, 99% used [0x0000000780000000,0x0000000785e244b8,0x0000000785e80000)
 Metaspace       used 65860K, committed 67328K, reserved 1114112K
  class space    used 6853K, committed 7488K, reserved 1048576K
}

